<?xml version="1.0" encoding="UTF-8"?>
<testng-results ignored="0" total="1" passed="1" failed="0" skipped="0">
  <reporter-output>
  </reporter-output>
  <suite started-at="2021-12-07T04:09:43Z" name="Suite" finished-at="2021-12-07T04:10:11Z" duration-ms="28193">
    <groups>
    </groups>
    <test started-at="2021-12-07T04:09:43Z" name="Test" finished-at="2021-12-07T04:10:11Z" duration-ms="28193">
      <class name="co.tdd.helper.testcases.HomePage">
        <test-method is-config="true" signature="initialize()[pri:0, instance:co.tdd.helper.testcases.HomePage@5b67bb7e]" started-at="2021-12-07T04:09:43Z" name="initialize" finished-at="2021-12-07T04:09:59Z" duration-ms="16429" status="PASS">
          <reporter-output>
          </reporter-output>
        </test-method> <!-- initialize -->
        <test-method signature="loginPage()[pri:0, instance:co.tdd.helper.testcases.HomePage@5b67bb7e]" started-at="2021-12-07T04:09:59Z" name="loginPage" finished-at="2021-12-07T04:10:10Z" duration-ms="11102" status="PASS">
          <reporter-output>
          </reporter-output>
        </test-method> <!-- loginPage -->
        <test-method is-config="true" signature="tearDown()[pri:0, instance:co.tdd.helper.testcases.HomePage@5b67bb7e]" started-at="2021-12-07T04:10:10Z" name="tearDown" finished-at="2021-12-07T04:10:11Z" duration-ms="544" status="PASS">
          <reporter-output>
          </reporter-output>
        </test-method> <!-- tearDown -->
      </class> <!-- co.tdd.helper.testcases.HomePage -->
    </test> <!-- Test -->
  </suite> <!-- Suite -->
</testng-results>
